<?xml version="1.0" encoding="UTF-8"?>
<!-- Generated by org.testng.reporters.JUnitXMLReporter -->
<testsuite hostname="LAPTOP-MGF1Q7NH" ignored="0" name="Default test" tests="5" failures="0" timestamp="04 Jun 2022 17:39:10 GMT" time="10.892" errors="0">
  <testcase name="isForgotPwdLinkExistTest" time="0.127" classname="com.qa.opencart.tests.LoginPageTest"/>
  <testcase name="isregisterLinkExistTest" time="0.072" classname="com.qa.opencart.tests.LoginPageTest"/>
  <testcase name="loginPageTitleTest" time="0.066" classname="com.qa.opencart.tests.LoginPageTest"/>
  <testcase name="loginPageURLTest" time="0.021" classname="com.qa.opencart.tests.LoginPageTest"/>
  <testcase name="logintest" time="1.603" classname="com.qa.opencart.tests.LoginPageTest"/>
</testsuite> <!-- Default test -->
