<?xml version="1.0" encoding="UTF-8"?>
<testng-results skipped="0" failed="1" ignored="0" total="5" passed="4">
  <reporter-output>
  </reporter-output>
  <suite name="TestNG Regression Test Suite" duration-ms="21680" started-at="2022-06-09T12:33:51Z" finished-at="2022-06-09T12:34:13Z">
    <groups>
    </groups>
    <test name="Login Page Test for Demo Opencart" duration-ms="21680" started-at="2022-06-09T12:33:51Z" finished-at="2022-06-09T12:34:13Z">
      <class name="com.qa.opencart.tests.LoginPageTest">
        <test-method status="PASS" signature="setup()[pri:0, instance:com.qa.opencart.tests.LoginPageTest@4c48fe92]" name="setup" is-config="true" duration-ms="8652" started-at="2022-06-09T12:33:51Z" finished-at="2022-06-09T12:34:00Z">
          <reporter-output>
          </reporter-output>
        </test-method> <!-- setup -->
        <test-method status="PASS" signature="isForgotPwdLinkExistTest()[pri:0, instance:com.qa.opencart.tests.LoginPageTest@4c48fe92]" name="isForgotPwdLinkExistTest" duration-ms="105" started-at="2022-06-09T12:34:00Z" finished-at="2022-06-09T12:34:00Z">
          <reporter-output>
          </reporter-output>
        </test-method> <!-- isForgotPwdLinkExistTest -->
        <test-method status="PASS" signature="isregisterLinkExistTest()[pri:0, instance:com.qa.opencart.tests.LoginPageTest@4c48fe92]" name="isregisterLinkExistTest" duration-ms="40" started-at="2022-06-09T12:34:00Z" finished-at="2022-06-09T12:34:00Z">
          <reporter-output>
          </reporter-output>
        </test-method> <!-- isregisterLinkExistTest -->
        <test-method status="FAIL" signature="loginPageTitleTest()[pri:0, instance:com.qa.opencart.tests.LoginPageTest@4c48fe92]" name="loginPageTitleTest" duration-ms="10258" started-at="2022-06-09T12:34:00Z" finished-at="2022-06-09T12:34:10Z">
          <exception class="org.openqa.selenium.TimeoutException">
            <message>
              <![CDATA[Expected condition failed: waiting for title to be "Account Login1". Current title: "Account Login" (tried for 10 second(s) with 500 milliseconds interval)
Build info: version: '4.1.3', revision: '7b1ebf28ef'
System info: host: 'LAPTOP-MGF1Q7NH', ip: '192.168.0.100', os.name: 'Windows 10', os.arch: 'amd64', os.version: '10.0', java.version: '1.8.0_291'
Driver info: org.openqa.selenium.chrome.ChromeDriver
Capabilities {acceptInsecureCerts: false, browserName: chrome, browserVersion: 102.0.5005.63, chrome: {chromedriverVersion: 102.0.5005.61 (0e59bcc00cc4..., userDataDir: C:\Users\arjut\AppData\Loca...}, goog:chromeOptions: {debuggerAddress: localhost:55591}, javascriptEnabled: true, networkConnectionEnabled: false, pageLoadStrategy: normal, platform: WINDOWS, platformName: WINDOWS, proxy: Proxy(), se:cdp: ws://localhost:55591/devtoo..., se:cdpVersion: 102.0.5005.63, setWindowRect: true, strictFileInteractability: false, timeouts: {implicit: 0, pageLoad: 300000, script: 30000}, unhandledPromptBehavior: dismiss and notify, webauthn:extension:credBlob: true, webauthn:extension:largeBlob: true, webauthn:virtualAuthenticators: true}
Session ID: 2b6470d665e627d926d99b9df7a903f9]]>
            </message>
            <full-stacktrace>
              <![CDATA[org.openqa.selenium.TimeoutException: Expected condition failed: waiting for title to be "Account Login1". Current title: "Account Login" (tried for 10 second(s) with 500 milliseconds interval)
Build info: version: '4.1.3', revision: '7b1ebf28ef'
System info: host: 'LAPTOP-MGF1Q7NH', ip: '192.168.0.100', os.name: 'Windows 10', os.arch: 'amd64', os.version: '10.0', java.version: '1.8.0_291'
Driver info: org.openqa.selenium.chrome.ChromeDriver
Capabilities {acceptInsecureCerts: false, browserName: chrome, browserVersion: 102.0.5005.63, chrome: {chromedriverVersion: 102.0.5005.61 (0e59bcc00cc4..., userDataDir: C:\Users\arjut\AppData\Loca...}, goog:chromeOptions: {debuggerAddress: localhost:55591}, javascriptEnabled: true, networkConnectionEnabled: false, pageLoadStrategy: normal, platform: WINDOWS, platformName: WINDOWS, proxy: Proxy(), se:cdp: ws://localhost:55591/devtoo..., se:cdpVersion: 102.0.5005.63, setWindowRect: true, strictFileInteractability: false, timeouts: {implicit: 0, pageLoad: 300000, script: 30000}, unhandledPromptBehavior: dismiss and notify, webauthn:extension:credBlob: true, webauthn:extension:largeBlob: true, webauthn:virtualAuthenticators: true}
Session ID: 2b6470d665e627d926d99b9df7a903f9
at org.openqa.selenium.support.ui.WebDriverWait.timeoutException(WebDriverWait.java:87)
at org.openqa.selenium.support.ui.FluentWait.until(FluentWait.java:231)
at com.qa.opencart.utils.ElementUtil.waitForTitleIs(ElementUtil.java:31)
at com.qa.opencart.pages.LoginPage.getLoginPageTitle(LoginPage.java:29)
at com.qa.opencart.tests.LoginPageTest.loginPageTitleTest(LoginPageTest.java:13)
at sun.reflect.NativeMethodAccessorImpl.invoke0(Native Method)
at sun.reflect.NativeMethodAccessorImpl.invoke(NativeMethodAccessorImpl.java:62)
at sun.reflect.DelegatingMethodAccessorImpl.invoke(DelegatingMethodAccessorImpl.java:43)
at java.lang.reflect.Method.invoke(Method.java:498)
at org.testng.internal.MethodInvocationHelper.invokeMethod(MethodInvocationHelper.java:124)
at org.testng.internal.Invoker.invokeMethod(Invoker.java:583)
at org.testng.internal.Invoker.invokeTestMethod(Invoker.java:719)
at org.testng.internal.Invoker.invokeTestMethods(Invoker.java:989)
at org.testng.internal.TestMethodWorker.invokeTestMethods(TestMethodWorker.java:125)
at org.testng.internal.TestMethodWorker.run(TestMethodWorker.java:109)
at org.testng.TestRunner.privateRun(TestRunner.java:648)
at org.testng.TestRunner.run(TestRunner.java:505)
at org.testng.SuiteRunner.runTest(SuiteRunner.java:455)
at org.testng.SuiteRunner.access$000(SuiteRunner.java:40)
at org.testng.SuiteRunner$SuiteWorker.run(SuiteRunner.java:489)
at org.testng.internal.thread.ThreadUtil$1.call(ThreadUtil.java:52)
at java.util.concurrent.FutureTask.run(FutureTask.java:266)
at java.util.concurrent.ThreadPoolExecutor.runWorker(ThreadPoolExecutor.java:1149)
at java.util.concurrent.ThreadPoolExecutor$Worker.run(ThreadPoolExecutor.java:624)
at java.lang.Thread.run(Thread.java:748)
]]>
            </full-stacktrace>
          </exception> <!-- org.openqa.selenium.TimeoutException -->
          <reporter-output>
          </reporter-output>
        </test-method> <!-- loginPageTitleTest -->
        <test-method status="PASS" signature="loginPageURLTest()[pri:0, instance:com.qa.opencart.tests.LoginPageTest@4c48fe92]" name="loginPageURLTest" duration-ms="17" started-at="2022-06-09T12:34:10Z" finished-at="2022-06-09T12:34:10Z">
          <reporter-output>
          </reporter-output>
        </test-method> <!-- loginPageURLTest -->
        <test-method status="PASS" signature="logintest()[pri:0, instance:com.qa.opencart.tests.LoginPageTest@4c48fe92]" name="logintest" duration-ms="1490" started-at="2022-06-09T12:34:10Z" finished-at="2022-06-09T12:34:12Z">
          <reporter-output>
          </reporter-output>
        </test-method> <!-- logintest -->
        <test-method status="PASS" signature="tearDown()[pri:0, instance:com.qa.opencart.tests.LoginPageTest@4c48fe92]" name="tearDown" is-config="true" duration-ms="668" started-at="2022-06-09T12:34:12Z" finished-at="2022-06-09T12:34:13Z">
          <reporter-output>
          </reporter-output>
        </test-method> <!-- tearDown -->
      </class> <!-- com.qa.opencart.tests.LoginPageTest -->
    </test> <!-- Login Page Test for Demo Opencart -->
  </suite> <!-- TestNG Regression Test Suite -->
</testng-results>
